#
# There is insufficient memory for the Java Runtime Environment to continue.
# Native memory allocation (mmap) failed to map 132120576 bytes for G1 virtual space
# Possible reasons:
#   The system is out of physical RAM or swap space
#   The process is running with CompressedOops enabled, and the Java Heap may be blocking the growth of the native heap
# Possible solutions:
#   Reduce memory load on the system
#   Increase physical memory or swap space
#   Check if swap backing store is full
#   Decrease Java heap size (-Xmx/-Xms)
#   Decrease number of Java threads
#   Decrease Java thread stack sizes (-Xss)
#   Set larger code cache with -XX:ReservedCodeCacheSize=
#   JVM is running with Unscaled Compressed Oops mode in which the Java heap is
#     placed in the first 4GB address space. The Java Heap base address is the
#     maximum limit for the native heap growth. Please use -XX:HeapBaseMinAddress
#     to set the Java Heap base and to place the Java Heap above 4GB virtual address.
# This output file may be truncated or incomplete.
#
#  Out of Memory Error (os_windows.cpp:3536), pid=6872, tid=19280
#
# JRE version:  (19.0.2+7) (build )
# Java VM: Java HotSpot(TM) 64-Bit Server VM (19.0.2+7-44, mixed mode, sharing, tiered, compressed oops, compressed class ptrs, g1 gc, windows-amd64)
# No core dump will be written. Minidumps are not enabled by default on client versions of Windows
#

---------------  S U M M A R Y ------------

Command Line: 

Host: Intel(R) Core(TM) i5-10210U CPU @ 1.60GHz, 8 cores, 7G,  Windows 11 , 64 bit Build 22000 (10.0.22000.1880)
Time: Thu May 18 21:26:17 2023 Hora de Verão de GMT elapsed time: 0.016423 seconds (0d 0h 0m 0s)

---------------  T H R E A D  ---------------

Current thread (0x00000216cd0748a0):  JavaThread "Unknown thread" [_thread_in_vm, id=19280, stack(0x0000002a47300000,0x0000002a47400000)]

Stack: [0x0000002a47300000,0x0000002a47400000]
Native frames: (J=compiled Java code, j=interpreted, Vv=VM code, C=native code)
V  [jvm.dll+0x6ee21a]
V  [jvm.dll+0x85765e]
V  [jvm.dll+0x85904e]
V  [jvm.dll+0x859703]
V  [jvm.dll+0x28298f]
V  [jvm.dll+0x6eb009]
V  [jvm.dll+0x6dfbaa]
V  [jvm.dll+0x3573f6]
V  [jvm.dll+0x35ee56]
V  [jvm.dll+0x3b541e]
V  [jvm.dll+0x3b564f]
V  [jvm.dll+0x32c9ea]
V  [jvm.dll+0x32d89e]
V  [jvm.dll+0x821780]
V  [jvm.dll+0x3c2661]
V  [jvm.dll+0x801f51]
V  [jvm.dll+0x44ae8f]
V  [jvm.dll+0x44c811]
C  [jli.dll+0x5287]
C  [ucrtbase.dll+0x26c0c]
C  [KERNEL32.DLL+0x155a0]
C  [ntdll.dll+0x485b]


---------------  P R O C E S S  ---------------

Threads class SMR info:
_java_thread_list=0x00007ffce901d048, length=0, elements={
}

Java Threads: ( => current thread )

Other Threads:
  0x00000216cd0d1df0 WorkerThread "GC Thread#0" [stack: 0x0000002a47400000,0x0000002a47500000] [id=10740]
  0x00000216cd0e2b50 ConcurrentGCThread "G1 Main Marker" [stack: 0x0000002a47500000,0x0000002a47600000] [id=20796]
  0x00000216cd0e3d20 WorkerThread "G1 Conc#0" [stack: 0x0000002a47600000,0x0000002a47700000] [id=7584]

[error occurred during error reporting (printing all threads), id 0xc0000005, EXCEPTION_ACCESS_VIOLATION (0xc0000005) at pc=0x00007ffce87dd427]

VM state: not at safepoint (not fully initialized)

VM Mutex/Monitor currently owned by a thread:  ([mutex/lock_event])
[0x00000216cd06fc30] Heap_lock - owner thread: 0x00000216cd0748a0

Heap address: 0x0000000082800000, size: 2008 MB, Compressed Oops mode: 32-bit

CDS archive(s) mapped at: [0x0000000000000000-0x0000000000000000-0x0000000000000000), size 0, SharedBaseAddress: 0x0000000800000000, ArchiveRelocationMode: 0.
Narrow klass base: 0x0000000000000000, Narrow klass shift: 0, Narrow klass range: 0x0

GC Precious Log:
 CardTable entry size: 512
 Card Set container configuration: InlinePtr #cards 5 size 8 Array Of Cards #cards 12 size 40 Howl #buckets 4 coarsen threshold 1843 Howl Bitmap #cards 512 size 80 coarsen threshold 460 Card regions per heap region 1 cards per card region 2048

Heap:
 garbage-first heap   total 0K, used 0K [0x0000000082800000, 0x0000000100000000)
  region size 1024K, 0 young (0K), 0 survivors (0K)

[error occurred during error reporting (printing heap information), id 0xc0000005, EXCEPTION_ACCESS_VIOLATION (0xc0000005) at pc=0x00007ffce8be6649]

GC Heap History (0 events):
No events

Dll operation events (1 events):
Event: 0.006 Loaded shared library C:\Program Files\Java\jdk-19\bin\java.dll

Deoptimization events (0 events):
No events

Classes loaded (0 events):
No events

Classes unloaded (0 events):
No events

Classes redefined (0 events):
No events

Internal exceptions (0 events):
No events

VM Operations (0 events):
No events

Events (0 events):
No events


Dynamic libraries:
0x00007ff61bc60000 - 0x00007ff61bc70000 	C:\Program Files\Java\jdk-19\bin\java.exe
0x00007ffd56e60000 - 0x00007ffd57069000 	C:\WINDOWS\SYSTEM32\ntdll.dll
0x00007ffd55760000 - 0x00007ffd5581e000 	C:\WINDOWS\System32\KERNEL32.DLL
0x00007ffd54570000 - 0x00007ffd548f4000 	C:\WINDOWS\System32\KERNELBASE.dll
0x00007ffd54a90000 - 0x00007ffd54ba1000 	C:\WINDOWS\System32\ucrtbase.dll
0x00007ffd42750000 - 0x00007ffd4276b000 	C:\Program Files\Java\jdk-19\bin\VCRUNTIME140.dll
0x00007ffd50c70000 - 0x00007ffd50c88000 	C:\Program Files\Java\jdk-19\bin\jli.dll
0x00007ffd555c0000 - 0x00007ffd5566f000 	C:\WINDOWS\System32\ADVAPI32.dll
0x00007ffd55af0000 - 0x00007ffd55b93000 	C:\WINDOWS\System32\msvcrt.dll
0x00007ffd56760000 - 0x00007ffd567fe000 	C:\WINDOWS\System32\sechost.dll
0x00007ffd56800000 - 0x00007ffd56921000 	C:\WINDOWS\System32\RPCRT4.dll
0x00007ffd56480000 - 0x00007ffd5662d000 	C:\WINDOWS\System32\USER32.dll
0x00007ffd54310000 - 0x00007ffd54336000 	C:\WINDOWS\System32\win32u.dll
0x00007ffd49400000 - 0x00007ffd496a5000 	C:\WINDOWS\WinSxS\amd64_microsoft.windows.common-controls_6595b64144ccf1df_6.0.22000.120_none_9d947278b86cc467\COMCTL32.dll
0x00007ffd54cd0000 - 0x00007ffd54cfa000 	C:\WINDOWS\System32\GDI32.dll
0x00007ffd54970000 - 0x00007ffd54a8f000 	C:\WINDOWS\System32\gdi32full.dll
0x00007ffd54bb0000 - 0x00007ffd54c4d000 	C:\WINDOWS\System32\msvcp_win.dll
0x00007ffd4b9e0000 - 0x00007ffd4b9ea000 	C:\WINDOWS\SYSTEM32\VERSION.dll
0x00007ffd55ab0000 - 0x00007ffd55ae1000 	C:\WINDOWS\System32\IMM32.DLL
0x00007ffd50c60000 - 0x00007ffd50c6c000 	C:\Program Files\Java\jdk-19\bin\vcruntime140_1.dll
0x00007ffd2cc60000 - 0x00007ffd2ccee000 	C:\Program Files\Java\jdk-19\bin\msvcp140.dll
0x00007ffce84a0000 - 0x00007ffce9160000 	C:\Program Files\Java\jdk-19\bin\server\jvm.dll
0x00007ffd37190000 - 0x00007ffd37199000 	C:\WINDOWS\SYSTEM32\WSOCK32.dll
0x00007ffd4e350000 - 0x00007ffd4e383000 	C:\WINDOWS\SYSTEM32\WINMM.dll
0x00007ffd55a40000 - 0x00007ffd55aaf000 	C:\WINDOWS\System32\WS2_32.dll
0x00007ffd53480000 - 0x00007ffd53498000 	C:\WINDOWS\SYSTEM32\kernel.appcore.dll
0x00007ffd50a90000 - 0x00007ffd50a9a000 	C:\Program Files\Java\jdk-19\bin\jimage.dll
0x00007ffd4b3a0000 - 0x00007ffd4b5c1000 	C:\WINDOWS\SYSTEM32\DBGHELP.DLL
0x00007ffd3d0b0000 - 0x00007ffd3d0e1000 	C:\WINDOWS\SYSTEM32\dbgcore.DLL
0x00007ffd54c50000 - 0x00007ffd54ccf000 	C:\WINDOWS\System32\bcryptPrimitives.dll
0x00007ffd42380000 - 0x00007ffd423a6000 	C:\Program Files\Java\jdk-19\bin\java.dll

dbghelp: loaded successfully - version: 4.0.5 - missing functions: none
symbol engine: initialized successfully - sym options: 0x614 - pdb path: .;C:\Program Files\Java\jdk-19\bin;C:\WINDOWS\SYSTEM32;C:\WINDOWS\WinSxS\amd64_microsoft.windows.common-controls_6595b64144ccf1df_6.0.22000.120_none_9d947278b86cc467;C:\Program Files\Java\jdk-19\bin\server

VM Arguments:
java_command: <unknown>
java_class_path (initial): <not set>
Launcher Type: SUN_STANDARD

[Global flags]
     intx CICompilerCount                          = 4                                         {product} {ergonomic}
     uint ConcGCThreads                            = 2                                         {product} {ergonomic}
     uint G1ConcRefinementThreads                  = 8                                         {product} {ergonomic}
   size_t G1HeapRegionSize                         = 1048576                                   {product} {ergonomic}
    uintx GCDrainStackTargetSize                   = 64                                        {product} {ergonomic}
   size_t InitialHeapSize                          = 132120576                                 {product} {ergonomic}
   size_t MarkStackSize                            = 4194304                                   {product} {ergonomic}
   size_t MaxHeapSize                              = 2105540608                                {product} {ergonomic}
   size_t MinHeapDeltaBytes                        = 1048576                                   {product} {ergonomic}
   size_t MinHeapSize                              = 8388608                                   {product} {ergonomic}
    uintx NonNMethodCodeHeapSize                   = 5839372                                {pd product} {ergonomic}
    uintx NonProfiledCodeHeapSize                  = 122909434                              {pd product} {ergonomic}
    uintx ProfiledCodeHeapSize                     = 122909434                              {pd product} {ergonomic}
    uintx ReservedCodeCacheSize                    = 251658240                              {pd product} {ergonomic}
     bool SegmentedCodeCache                       = true                                      {product} {ergonomic}
   size_t SoftMaxHeapSize                          = 2105540608                             {manageable} {ergonomic}
     bool UseCompressedClassPointers               = true                           {product lp64_product} {ergonomic}
     bool UseCompressedOops                        = true                           {product lp64_product} {ergonomic}
     bool UseG1GC                                  = true                                      {product} {ergonomic}
     bool UseLargePagesIndividualAllocation        = false                                  {pd product} {ergonomic}

Logging:
Log output configuration:
 #0: stdout all=warning uptime,level,tags foldmultilines=false
 #1: stderr all=off uptime,level,tags foldmultilines=false

Environment Variables:
PATH=D:\miguel_informatica\Vinhaca\client\android\node_modules\.bin;D:\miguel_informatica\Vinhaca\client\node_modules\.bin;D:\miguel_informatica\Vinhaca\node_modules\.bin;D:\miguel_informatica\node_modules\.bin;D:\node_modules\.bin;C:\Program Files\nodejs;D:\miguel_informatica\Vinhaca\client\node_modules\.bin;D:\miguel_informatica\Vinhaca\client\node_modules\.bin;D:\miguel_informatica\Vinhaca\node_modules\.bin;D:\miguel_informatica\node_modules\.bin;D:\node_modules\.bin;C:\Program Files\nodejs\node_modules\npm\node_modules\@npmcli\run-script\lib\node-gyp-bin;C:\Program Files\Common Files\Oracle\Java\javapath;C:\ProgramData\Oracle\Java\javapath;C:\WINDOWS\system32;C:\WINDOWS;C:\WINDOWS\System32\Wbem;C:\WINDOWS\System32\WindowsPowerShell\v1.0\;C:\WINDOWS\System32\OpenSSH\;C:\Program Files\Git\cmd;C:\Program Files\nodejs\;C:\Program Files (x86)\scala\bin;C:\Users\mimia\AppData\Local\Microsoft\WindowsApps;C:\Program Files\MongoDB\Tools\100\bin;C:\Program Files\MongoDB\Server\5.0\bin;C:\src\flutter\bin;C:\Users\mimia\AppData\Local\Android\Sdk\platform-tools;C:\Users\mimia\AppData\Roaming\npm;C:\Users\mimia\AppData\Local\Programs\Microsoft VS Code\bin;
USERNAME=mimia
LANG=en_US.UTF-8
OS=Windows_NT
PROCESSOR_IDENTIFIER=Intel64 Family 6 Model 142 Stepping 12, GenuineIntel
TMP=C:\Users\mimia\AppData\Local\Temp
TEMP=C:\Users\mimia\AppData\Local\Temp



---------------  S Y S T E M  ---------------

OS:
 Windows 11 , 64 bit Build 22000 (10.0.22000.1880)
OS uptime: 0 days 7:08 hours

CPU: total 8 (initial active 8) (4 cores per cpu, 2 threads per core) family 6 model 142 stepping 12 microcode 0xde, cx8, cmov, fxsr, ht, mmx, 3dnowpref, sse, sse2, sse3, ssse3, sse4.1, sse4.2, popcnt, lzcnt, tsc, tscinvbit, avx, avx2, aes, erms, clmul, bmi1, bmi2, adx, fma, vzeroupper, clflush, clflushopt, rdtscp

Memory: 4k page, system-wide physical 8025M (28M free)
TotalPageFile size 32601M (AvailPageFile size 25M)
current process WorkingSet (physical memory assigned to process): 10M, peak: 10M
current process commit charge ("private bytes"): 60M, peak: 186M

vm_info: Java HotSpot(TM) 64-Bit Server VM (19.0.2+7-44) for windows-amd64 JRE (19.0.2+7-44), built on 2022-11-30T18:02:09Z by "mach5one" with MS VC++ 17.1 (VS2022)

END.
